<?xml version="1.0" encoding="UTF-8"?>
<testng-results skipped="0" failed="0" ignored="0" total="1" passed="1">
  <reporter-output>
  </reporter-output>
  <suite name="Default suite" duration-ms="1400" started-at="2020-05-31T13:55:36Z" finished-at="2020-05-31T13:55:38Z">
    <groups>
    </groups>
    <test name="Default test" duration-ms="1400" started-at="2020-05-31T13:55:36Z" finished-at="2020-05-31T13:55:38Z">
      <class name="excel.ReadData">
        <test-method status="PASS" signature="readData()[pri:0, instance:excel.ReadData@396a51ab]" name="readData" duration-ms="1359" started-at="2020-05-31T19:25:36Z" finished-at="2020-05-31T19:25:38Z">
          <reporter-output>
          </reporter-output>
        </test-method> <!-- readData -->
      </class> <!-- excel.ReadData -->
    </test> <!-- Default test -->
  </suite> <!-- Default suite -->
</testng-results>
